2023-03-25 08:48:10.722 [main] [INFO ] api.test.UserTests - ***********Creating User**************
2023-03-25 08:48:15.454 [main] [INFO ] api.test.UserTests - ***********User is Created**************
2023-03-25 08:48:15.482 [main] [INFO ] api.test.UserTests - ***********Reading User Info**************
2023-03-25 08:48:17.258 [main] [INFO ] api.test.UserTests - ***********User Info is displayed**************
2023-03-25 08:48:17.263 [main] [INFO ] api.test.UserTests - ***********Updating User**************
2023-03-25 08:48:19.100 [main] [INFO ] api.test.UserTests - ***********User is Updated**************
2023-03-25 08:48:19.102 [main] [INFO ] api.test.UserTests - ***********Deleting User**************
2023-03-25 08:48:22.683 [main] [INFO ] api.test.UserTests - ***********User is deleted**************
2023-03-25 08:49:28.801 [main] [INFO ] api.test.UserTests - ***********Creating User**************
2023-03-25 08:49:32.511 [main] [INFO ] api.test.UserTests - ***********User is Created**************
2023-03-25 08:49:32.528 [main] [INFO ] api.test.UserTests - ***********Reading User Info**************
2023-03-25 08:49:34.363 [main] [INFO ] api.test.UserTests - ***********User Info is displayed**************
2023-03-25 08:49:34.368 [main] [INFO ] api.test.UserTests - ***********Updating User**************
2023-03-25 08:49:36.411 [main] [INFO ] api.test.UserTests - ***********User is Updated**************
2023-03-25 08:49:36.413 [main] [INFO ] api.test.UserTests - ***********Deleting User**************
2023-03-25 08:49:40.290 [main] [INFO ] api.test.UserTests - ***********User is deleted**************
2023-03-25 08:50:32.264 [main] [INFO ] api.test.UserTests - ***********Creating User**************
2023-03-25 08:50:38.381 [main] [INFO ] api.test.UserTests - ***********User is Created**************
2023-03-25 08:50:38.394 [main] [INFO ] api.test.UserTests - ***********Reading User Info**************
2023-03-25 08:50:39.723 [main] [INFO ] api.test.UserTests - ***********User Info is displayed**************
2023-03-25 08:50:39.725 [main] [INFO ] api.test.UserTests - ***********Updating User**************
2023-03-25 08:50:41.027 [main] [INFO ] api.test.UserTests - ***********User is Updated**************
2023-03-25 08:50:41.029 [main] [INFO ] api.test.UserTests - ***********Deleting User**************
2023-03-25 08:50:44.100 [main] [INFO ] api.test.UserTests - ***********User is deleted**************
2023-03-25 08:51:55.763 [main] [INFO ] api.test.UserTests - ***********Creating User**************
2023-03-25 08:52:01.151 [main] [INFO ] api.test.UserTests - ***********User is Created**************
2023-03-25 08:52:01.169 [main] [INFO ] api.test.UserTests - ***********Reading User Info**************
2023-03-25 08:52:02.796 [main] [INFO ] api.test.UserTests - ***********User Info is displayed**************
2023-03-25 08:52:02.797 [main] [DEBUG] api.test.UserTests - testing debug.....
2023-03-25 08:52:02.799 [main] [INFO ] api.test.UserTests - ***********Updating User**************
2023-03-25 08:52:04.295 [main] [INFO ] api.test.UserTests - ***********User is Updated**************
2023-03-25 08:52:04.298 [main] [INFO ] api.test.UserTests - ***********Deleting User**************
2023-03-25 08:52:08.580 [main] [INFO ] api.test.UserTests - ***********User is deleted**************
2023-03-25 09:03:43.638 [main] [INFO ] api.test.UserTests - ***********Creating User**************
2023-03-25 09:03:47.423 [main] [INFO ] api.test.UserTests - ***********User is Created**************
2023-03-25 09:42:39.713 [main] [DEBUG] org.apache.poi.openxml4j.opc.PackageRelationshipCollection - Parsing relationship: /xl/_rels/workbook.xml.rels
2023-03-25 09:42:39.726 [main] [DEBUG] org.apache.poi.openxml4j.opc.PackageRelationshipCollection - Parsing relationship: /xl/worksheets/_rels/sheet1.xml.rels
2023-03-25 09:42:39.730 [main] [DEBUG] org.apache.poi.openxml4j.opc.PackageRelationshipCollection - Parsing relationship: /_rels/.rels
2023-03-25 09:42:40.795 [main] [DEBUG] org.apache.poi.openxml4j.opc.PackageRelationshipCollection - Parsing relationship: /xl/_rels/workbook.xml.rels
2023-03-25 09:42:40.798 [main] [DEBUG] org.apache.poi.openxml4j.opc.PackageRelationshipCollection - Parsing relationship: /xl/worksheets/_rels/sheet1.xml.rels
2023-03-25 09:42:40.800 [main] [DEBUG] org.apache.poi.openxml4j.opc.PackageRelationshipCollection - Parsing relationship: /_rels/.rels
2023-03-25 09:42:40.854 [main] [DEBUG] org.apache.poi.openxml4j.opc.PackageRelationshipCollection - Parsing relationship: /xl/_rels/workbook.xml.rels
2023-03-25 09:42:40.856 [main] [DEBUG] org.apache.poi.openxml4j.opc.PackageRelationshipCollection - Parsing relationship: /xl/worksheets/_rels/sheet1.xml.rels
2023-03-25 09:42:40.858 [main] [DEBUG] org.apache.poi.openxml4j.opc.PackageRelationshipCollection - Parsing relationship: /_rels/.rels
2023-03-25 09:42:40.935 [main] [DEBUG] org.apache.poi.openxml4j.opc.PackageRelationshipCollection - Parsing relationship: /xl/_rels/workbook.xml.rels
2023-03-25 09:42:40.937 [main] [DEBUG] org.apache.poi.openxml4j.opc.PackageRelationshipCollection - Parsing relationship: /xl/worksheets/_rels/sheet1.xml.rels
2023-03-25 09:42:40.939 [main] [DEBUG] org.apache.poi.openxml4j.opc.PackageRelationshipCollection - Parsing relationship: /_rels/.rels
2023-03-25 09:42:40.980 [main] [DEBUG] org.apache.poi.openxml4j.opc.PackageRelationshipCollection - Parsing relationship: /xl/_rels/workbook.xml.rels
2023-03-25 09:42:40.982 [main] [DEBUG] org.apache.poi.openxml4j.opc.PackageRelationshipCollection - Parsing relationship: /xl/worksheets/_rels/sheet1.xml.rels
2023-03-25 09:42:40.983 [main] [DEBUG] org.apache.poi.openxml4j.opc.PackageRelationshipCollection - Parsing relationship: /_rels/.rels
2023-03-25 09:42:41.017 [main] [DEBUG] org.apache.poi.openxml4j.opc.PackageRelationshipCollection - Parsing relationship: /xl/_rels/workbook.xml.rels
2023-03-25 09:42:41.018 [main] [DEBUG] org.apache.poi.openxml4j.opc.PackageRelationshipCollection - Parsing relationship: /xl/worksheets/_rels/sheet1.xml.rels
2023-03-25 09:42:41.020 [main] [DEBUG] org.apache.poi.openxml4j.opc.PackageRelationshipCollection - Parsing relationship: /_rels/.rels
2023-03-25 09:42:41.053 [main] [DEBUG] org.apache.poi.openxml4j.opc.PackageRelationshipCollection - Parsing relationship: /xl/_rels/workbook.xml.rels
2023-03-25 09:42:41.054 [main] [DEBUG] org.apache.poi.openxml4j.opc.PackageRelationshipCollection - Parsing relationship: /xl/worksheets/_rels/sheet1.xml.rels
2023-03-25 09:42:41.056 [main] [DEBUG] org.apache.poi.openxml4j.opc.PackageRelationshipCollection - Parsing relationship: /_rels/.rels
2023-03-25 09:42:41.102 [main] [DEBUG] org.apache.poi.openxml4j.opc.PackageRelationshipCollection - Parsing relationship: /xl/_rels/workbook.xml.rels
2023-03-25 09:42:41.103 [main] [DEBUG] org.apache.poi.openxml4j.opc.PackageRelationshipCollection - Parsing relationship: /xl/worksheets/_rels/sheet1.xml.rels
2023-03-25 09:42:41.107 [main] [DEBUG] org.apache.poi.openxml4j.opc.PackageRelationshipCollection - Parsing relationship: /_rels/.rels
2023-03-25 09:42:41.136 [main] [DEBUG] org.apache.poi.openxml4j.opc.PackageRelationshipCollection - Parsing relationship: /xl/_rels/workbook.xml.rels
2023-03-25 09:42:41.138 [main] [DEBUG] org.apache.poi.openxml4j.opc.PackageRelationshipCollection - Parsing relationship: /xl/worksheets/_rels/sheet1.xml.rels
2023-03-25 09:42:41.140 [main] [DEBUG] org.apache.poi.openxml4j.opc.PackageRelationshipCollection - Parsing relationship: /_rels/.rels
2023-03-25 09:42:41.172 [main] [DEBUG] org.apache.poi.openxml4j.opc.PackageRelationshipCollection - Parsing relationship: /xl/_rels/workbook.xml.rels
2023-03-25 09:42:41.174 [main] [DEBUG] org.apache.poi.openxml4j.opc.PackageRelationshipCollection - Parsing relationship: /xl/worksheets/_rels/sheet1.xml.rels
2023-03-25 09:42:41.175 [main] [DEBUG] org.apache.poi.openxml4j.opc.PackageRelationshipCollection - Parsing relationship: /_rels/.rels
2023-03-25 09:42:41.200 [main] [DEBUG] org.apache.poi.openxml4j.opc.PackageRelationshipCollection - Parsing relationship: /xl/_rels/workbook.xml.rels
2023-03-25 09:42:41.201 [main] [DEBUG] org.apache.poi.openxml4j.opc.PackageRelationshipCollection - Parsing relationship: /xl/worksheets/_rels/sheet1.xml.rels
2023-03-25 09:42:41.202 [main] [DEBUG] org.apache.poi.openxml4j.opc.PackageRelationshipCollection - Parsing relationship: /_rels/.rels
2023-03-25 09:42:41.228 [main] [DEBUG] org.apache.poi.openxml4j.opc.PackageRelationshipCollection - Parsing relationship: /xl/_rels/workbook.xml.rels
2023-03-25 09:42:41.228 [main] [DEBUG] org.apache.poi.openxml4j.opc.PackageRelationshipCollection - Parsing relationship: /xl/worksheets/_rels/sheet1.xml.rels
2023-03-25 09:42:41.230 [main] [DEBUG] org.apache.poi.openxml4j.opc.PackageRelationshipCollection - Parsing relationship: /_rels/.rels
2023-03-25 09:42:41.254 [main] [DEBUG] org.apache.poi.openxml4j.opc.PackageRelationshipCollection - Parsing relationship: /xl/_rels/workbook.xml.rels
2023-03-25 09:42:41.255 [main] [DEBUG] org.apache.poi.openxml4j.opc.PackageRelationshipCollection - Parsing relationship: /xl/worksheets/_rels/sheet1.xml.rels
2023-03-25 09:42:41.256 [main] [DEBUG] org.apache.poi.openxml4j.opc.PackageRelationshipCollection - Parsing relationship: /_rels/.rels
2023-03-25 09:42:41.281 [main] [DEBUG] org.apache.poi.openxml4j.opc.PackageRelationshipCollection - Parsing relationship: /xl/_rels/workbook.xml.rels
2023-03-25 09:42:41.282 [main] [DEBUG] org.apache.poi.openxml4j.opc.PackageRelationshipCollection - Parsing relationship: /xl/worksheets/_rels/sheet1.xml.rels
2023-03-25 09:42:41.283 [main] [DEBUG] org.apache.poi.openxml4j.opc.PackageRelationshipCollection - Parsing relationship: /_rels/.rels
2023-03-25 09:42:41.307 [main] [DEBUG] org.apache.poi.openxml4j.opc.PackageRelationshipCollection - Parsing relationship: /xl/_rels/workbook.xml.rels
2023-03-25 09:42:41.308 [main] [DEBUG] org.apache.poi.openxml4j.opc.PackageRelationshipCollection - Parsing relationship: /xl/worksheets/_rels/sheet1.xml.rels
2023-03-25 09:42:41.309 [main] [DEBUG] org.apache.poi.openxml4j.opc.PackageRelationshipCollection - Parsing relationship: /_rels/.rels
2023-03-25 09:42:41.333 [main] [DEBUG] org.apache.poi.openxml4j.opc.PackageRelationshipCollection - Parsing relationship: /xl/_rels/workbook.xml.rels
2023-03-25 09:42:41.334 [main] [DEBUG] org.apache.poi.openxml4j.opc.PackageRelationshipCollection - Parsing relationship: /xl/worksheets/_rels/sheet1.xml.rels
2023-03-25 09:42:41.335 [main] [DEBUG] org.apache.poi.openxml4j.opc.PackageRelationshipCollection - Parsing relationship: /_rels/.rels
2023-03-25 09:42:41.368 [main] [DEBUG] org.apache.poi.openxml4j.opc.PackageRelationshipCollection - Parsing relationship: /xl/_rels/workbook.xml.rels
2023-03-25 09:42:41.372 [main] [DEBUG] org.apache.poi.openxml4j.opc.PackageRelationshipCollection - Parsing relationship: /xl/worksheets/_rels/sheet1.xml.rels
2023-03-25 09:42:41.373 [main] [DEBUG] org.apache.poi.openxml4j.opc.PackageRelationshipCollection - Parsing relationship: /_rels/.rels
2023-03-25 09:42:41.396 [main] [DEBUG] org.apache.poi.openxml4j.opc.PackageRelationshipCollection - Parsing relationship: /xl/_rels/workbook.xml.rels
2023-03-25 09:42:41.397 [main] [DEBUG] org.apache.poi.openxml4j.opc.PackageRelationshipCollection - Parsing relationship: /xl/worksheets/_rels/sheet1.xml.rels
2023-03-25 09:42:41.398 [main] [DEBUG] org.apache.poi.openxml4j.opc.PackageRelationshipCollection - Parsing relationship: /_rels/.rels
2023-03-25 09:42:41.421 [main] [DEBUG] org.apache.poi.openxml4j.opc.PackageRelationshipCollection - Parsing relationship: /xl/_rels/workbook.xml.rels
2023-03-25 09:42:41.423 [main] [DEBUG] org.apache.poi.openxml4j.opc.PackageRelationshipCollection - Parsing relationship: /xl/worksheets/_rels/sheet1.xml.rels
2023-03-25 09:42:41.424 [main] [DEBUG] org.apache.poi.openxml4j.opc.PackageRelationshipCollection - Parsing relationship: /_rels/.rels
2023-03-25 09:42:41.446 [main] [DEBUG] org.apache.poi.openxml4j.opc.PackageRelationshipCollection - Parsing relationship: /xl/_rels/workbook.xml.rels
2023-03-25 09:42:41.448 [main] [DEBUG] org.apache.poi.openxml4j.opc.PackageRelationshipCollection - Parsing relationship: /xl/worksheets/_rels/sheet1.xml.rels
2023-03-25 09:42:41.448 [main] [DEBUG] org.apache.poi.openxml4j.opc.PackageRelationshipCollection - Parsing relationship: /_rels/.rels
2023-03-25 09:42:41.471 [main] [DEBUG] org.apache.poi.openxml4j.opc.PackageRelationshipCollection - Parsing relationship: /xl/_rels/workbook.xml.rels
2023-03-25 09:42:41.472 [main] [DEBUG] org.apache.poi.openxml4j.opc.PackageRelationshipCollection - Parsing relationship: /xl/worksheets/_rels/sheet1.xml.rels
2023-03-25 09:42:41.474 [main] [DEBUG] org.apache.poi.openxml4j.opc.PackageRelationshipCollection - Parsing relationship: /_rels/.rels
2023-03-25 09:42:41.494 [main] [DEBUG] org.apache.poi.openxml4j.opc.PackageRelationshipCollection - Parsing relationship: /xl/_rels/workbook.xml.rels
2023-03-25 09:42:41.495 [main] [DEBUG] org.apache.poi.openxml4j.opc.PackageRelationshipCollection - Parsing relationship: /xl/worksheets/_rels/sheet1.xml.rels
2023-03-25 09:42:41.496 [main] [DEBUG] org.apache.poi.openxml4j.opc.PackageRelationshipCollection - Parsing relationship: /_rels/.rels
2023-03-25 09:42:41.517 [main] [DEBUG] org.apache.poi.openxml4j.opc.PackageRelationshipCollection - Parsing relationship: /xl/_rels/workbook.xml.rels
2023-03-25 09:42:41.518 [main] [DEBUG] org.apache.poi.openxml4j.opc.PackageRelationshipCollection - Parsing relationship: /xl/worksheets/_rels/sheet1.xml.rels
2023-03-25 09:42:41.519 [main] [DEBUG] org.apache.poi.openxml4j.opc.PackageRelationshipCollection - Parsing relationship: /_rels/.rels
2023-03-25 09:42:50.687 [main] [DEBUG] org.apache.poi.openxml4j.opc.PackageRelationshipCollection - Parsing relationship: /xl/_rels/workbook.xml.rels
2023-03-25 09:42:50.689 [main] [DEBUG] org.apache.poi.openxml4j.opc.PackageRelationshipCollection - Parsing relationship: /xl/worksheets/_rels/sheet1.xml.rels
2023-03-25 09:42:50.689 [main] [DEBUG] org.apache.poi.openxml4j.opc.PackageRelationshipCollection - Parsing relationship: /_rels/.rels
2023-03-25 09:42:50.718 [main] [DEBUG] org.apache.poi.openxml4j.opc.PackageRelationshipCollection - Parsing relationship: /xl/_rels/workbook.xml.rels
2023-03-25 09:42:50.721 [main] [DEBUG] org.apache.poi.openxml4j.opc.PackageRelationshipCollection - Parsing relationship: /xl/worksheets/_rels/sheet1.xml.rels
2023-03-25 09:42:50.722 [main] [DEBUG] org.apache.poi.openxml4j.opc.PackageRelationshipCollection - Parsing relationship: /_rels/.rels
2023-03-25 09:42:50.755 [main] [DEBUG] org.apache.poi.openxml4j.opc.PackageRelationshipCollection - Parsing relationship: /xl/_rels/workbook.xml.rels
2023-03-25 09:42:50.756 [main] [DEBUG] org.apache.poi.openxml4j.opc.PackageRelationshipCollection - Parsing relationship: /xl/worksheets/_rels/sheet1.xml.rels
2023-03-25 09:42:50.756 [main] [DEBUG] org.apache.poi.openxml4j.opc.PackageRelationshipCollection - Parsing relationship: /_rels/.rels
2023-03-25 09:42:50.775 [main] [DEBUG] org.apache.poi.openxml4j.opc.PackageRelationshipCollection - Parsing relationship: /xl/_rels/workbook.xml.rels
2023-03-25 09:42:50.776 [main] [DEBUG] org.apache.poi.openxml4j.opc.PackageRelationshipCollection - Parsing relationship: /xl/worksheets/_rels/sheet1.xml.rels
2023-03-25 09:42:50.777 [main] [DEBUG] org.apache.poi.openxml4j.opc.PackageRelationshipCollection - Parsing relationship: /_rels/.rels
2023-03-25 09:42:56.987 [main] [INFO ] api.test.UserTests - ***********Creating User**************
2023-03-25 09:42:59.112 [main] [INFO ] api.test.UserTests - ***********User is Created**************
2023-03-25 09:42:59.115 [main] [INFO ] api.test.UserTests - ***********Reading User Info**************
2023-03-25 09:43:00.912 [main] [INFO ] api.test.UserTests - ***********User Info is displayed**************
2023-03-25 09:43:00.912 [main] [DEBUG] api.test.UserTests - testing debug.....
2023-03-25 09:43:00.916 [main] [INFO ] api.test.UserTests - ***********Updating User**************
2023-03-25 09:43:02.307 [main] [INFO ] api.test.UserTests - ***********User is Updated**************
2023-03-25 09:43:02.309 [main] [INFO ] api.test.UserTests - ***********Deleting User**************
2023-03-25 09:43:05.825 [main] [INFO ] api.test.UserTests - ***********User is deleted**************
2023-03-26 10:36:54.593 [main] [INFO ] api.test.UserTests - ***********Creating User**************
2023-03-26 10:36:58.484 [main] [INFO ] api.test.UserTests - ***********User is Created**************
2023-03-26 10:36:58.498 [main] [INFO ] api.test.UserTests - ***********Reading User Info**************
2023-03-26 10:36:59.947 [main] [INFO ] api.test.UserTests - ***********User Info is displayed**************
2023-03-26 10:36:59.947 [main] [DEBUG] api.test.UserTests - testing debug.....
2023-03-26 10:36:59.948 [main] [INFO ] api.test.UserTests - ***********Updating User**************
2023-03-26 10:37:01.333 [main] [INFO ] api.test.UserTests - ***********User is Updated**************
2023-03-26 10:37:01.334 [main] [INFO ] api.test.UserTests - ***********Deleting User**************
2023-03-26 10:37:04.217 [main] [INFO ] api.test.UserTests - ***********User is deleted**************
2023-03-26 10:40:16.208 [main] [INFO ] api.test.UserTests - ***********Creating User**************
2023-03-26 10:40:19.526 [main] [INFO ] api.test.UserTests - ***********User is Created**************
2023-03-26 10:40:19.539 [main] [INFO ] api.test.UserTests - ***********Reading User Info**************
2023-03-26 10:40:20.777 [main] [INFO ] api.test.UserTests - ***********User Info is displayed**************
2023-03-26 10:40:20.777 [main] [DEBUG] api.test.UserTests - testing debug.....
2023-03-26 10:40:20.779 [main] [INFO ] api.test.UserTests - ***********Updating User**************
2023-03-26 10:40:22.060 [main] [INFO ] api.test.UserTests - ***********User is Updated**************
2023-03-26 10:40:22.062 [main] [INFO ] api.test.UserTests - ***********Deleting User**************
2023-03-26 10:40:24.573 [main] [INFO ] api.test.UserTests - ***********User is deleted**************
